<?xml version="1.0" encoding="UTF-8"?>
<testng-results ignored="0" total="1" passed="1" failed="0" skipped="0">
  <reporter-output>
  </reporter-output>
  <suite started-at="2024-06-08T20:00:39 IST" name="Suite" finished-at="2024-06-08T20:02:09 IST" duration-ms="89879">
    <groups>
    </groups>
    <test started-at="2024-06-08T20:00:39 IST" name="Test 1" finished-at="2024-06-08T20:02:09 IST" duration-ms="89879">
      <class name="VishLimited.orangeHRM.HRAdministrationPageModel">
        <test-method is-config="true" signature="launchApp()[pri:0, instance:VishLimited.orangeHRM.HRAdministrationPageModel@6d4d66d2]" started-at="2024-06-08T20:00:39 IST" name="launchApp" finished-at="2024-06-08T20:00:51 IST" duration-ms="11874" status="PASS">
          <reporter-output>
          </reporter-output>
        </test-method> <!-- launchApp -->
        <test-method signature="main(java.lang.String,java.lang.String,java.lang.String,java.lang.String)[pri:0, instance:VishLimited.orangeHRM.HRAdministrationPageModel@6d4d66d2]" started-at="2024-06-08T20:00:51 IST" name="main" data-provider="dataSource" finished-at="2024-06-08T20:02:09 IST" duration-ms="77507" status="PASS">
          <params>
            <param index="0">
              <value>
                <![CDATA[Admin]]>
              </value>
            </param>
            <param index="1">
              <value>
                <![CDATA[iVLq@23JjQ]]>
              </value>
            </param>
            <param index="2">
              <value>
                <![CDATA[Tabby]]>
              </value>
            </param>
            <param index="3">
              <value>
                <![CDATA[TabbyUpdate]]>
              </value>
            </param>
          </params>
          <reporter-output>
          </reporter-output>
        </test-method> <!-- main -->
      </class> <!-- VishLimited.orangeHRM.HRAdministrationPageModel -->
    </test> <!-- Test 1 -->
  </suite> <!-- Suite -->
</testng-results>
